#File produced by LAMP Load Profiling pass
#This file contains information on loop-caried and intra-iteration dependences where recursion worked to find variable names in the LAMP Reader
#[var1 @ function * bbname -- var2 @ function * bbname] line1#line2# Loop: LoopID
#var1 depends on var2
[.03 @ FFT1DOnce * bbName6 -- BitReverse @ Reverse * bbName3] 0 UNKNOWN#UNKNOWN# Loop: 22 $$
[.03 @ FFT1DOnce * bbName6 -- .0 @ Reverse * bbName3] 0 UNKNOWN#UNKNOWN# Loop: 22 $$
[.01 @ FFT1DOnce * bbName6 -- BitReverse @ Reverse * bbName3] 0 UNKNOWN#UNKNOWN# Loop: 22 $$
[.01 @ FFT1DOnce * bbName6 -- .0 @ Reverse * bbName3] 0 UNKNOWN#UNKNOWN# Loop: 22 $$
[.02 @ FFT1DOnce * bbName6 -- BitReverse @ Reverse * bbName3] 0 UNKNOWN#UNKNOWN# Loop: 22 $$
[.02 @ FFT1DOnce * bbName6 -- .0 @ Reverse * bbName3] 0 UNKNOWN#UNKNOWN# Loop: 22 $$
[.03 @ FFT1DOnce * bbName6 -- .0 @ Reverse * bbName3] 0 UNKNOWN#UNKNOWN# Loop: 22 $$
[.01 @ FFT1DOnce * bbName6 -- .0 @ Reverse * bbName3] 0 UNKNOWN#UNKNOWN# Loop: 22 $$
[.02 @ FFT1DOnce * bbName6 -- .0 @ Reverse * bbName3] 0 UNKNOWN#UNKNOWN# Loop: 22 $$
[.03 @ FFT1DOnce * bbName6 -- BitReverse @ Reverse * bbName3] 0 UNKNOWN#UNKNOWN# Loop: 23 $$
[.03 @ FFT1DOnce * bbName6 -- .0 @ Reverse * bbName3] 0 UNKNOWN#UNKNOWN# Loop: 23 $$
[.01 @ FFT1DOnce * bbName6 -- BitReverse @ Reverse * bbName3] 0 UNKNOWN#UNKNOWN# Loop: 23 $$
[.01 @ FFT1DOnce * bbName6 -- .0 @ Reverse * bbName3] 0 UNKNOWN#UNKNOWN# Loop: 23 $$
[.02 @ FFT1DOnce * bbName6 -- BitReverse @ Reverse * bbName3] 0 UNKNOWN#UNKNOWN# Loop: 23 $$
[.02 @ FFT1DOnce * bbName6 -- .0 @ Reverse * bbName3] 0 UNKNOWN#UNKNOWN# Loop: 23 $$
[.03 @ FFT1DOnce * bbName6 -- .0 @ Reverse * bbName3] 0 UNKNOWN#UNKNOWN# Loop: 23 $$
[.01 @ FFT1DOnce * bbName6 -- .0 @ Reverse * bbName3] 0 UNKNOWN#UNKNOWN# Loop: 23 $$
[.02 @ FFT1DOnce * bbName6 -- .0 @ Reverse * bbName3] 0 UNKNOWN#UNKNOWN# Loop: 23 $$
[.03 @ FFT1DOnce * bbName6 -- .03 @ FFT1DOnce * bbName6] 1 UNKNOWN#UNKNOWN# Loop: 40 $$
[.03 @ FFT1DOnce * bbName6 -- .01 @ FFT1DOnce * bbName6] 1 UNKNOWN#UNKNOWN# Loop: 40 $$
[.03 @ FFT1DOnce * bbName6 -- .02 @ FFT1DOnce * bbName6] 1 UNKNOWN#UNKNOWN# Loop: 40 $$
[.01 @ FFT1DOnce * bbName6 -- .03 @ FFT1DOnce * bbName6] 1 UNKNOWN#UNKNOWN# Loop: 40 $$
[.01 @ FFT1DOnce * bbName6 -- .01 @ FFT1DOnce * bbName6] 1 UNKNOWN#UNKNOWN# Loop: 40 $$
[.01 @ FFT1DOnce * bbName6 -- .02 @ FFT1DOnce * bbName6] 1 UNKNOWN#UNKNOWN# Loop: 40 $$
[.02 @ FFT1DOnce * bbName6 -- .03 @ FFT1DOnce * bbName6] 1 UNKNOWN#UNKNOWN# Loop: 40 $$
[.02 @ FFT1DOnce * bbName6 -- .01 @ FFT1DOnce * bbName6] 1 UNKNOWN#UNKNOWN# Loop: 40 $$
[.02 @ FFT1DOnce * bbName6 -- .02 @ FFT1DOnce * bbName6] 1 UNKNOWN#UNKNOWN# Loop: 40 $$
[.03 @ FFT1DOnce * bbName6 -- .03 @ FFT1DOnce * bbName6] 1 UNKNOWN#UNKNOWN# Loop: 40 $$
[.03 @ FFT1DOnce * bbName6 -- .01 @ FFT1DOnce * bbName6] 1 UNKNOWN#UNKNOWN# Loop: 40 $$
[.03 @ FFT1DOnce * bbName6 -- .02 @ FFT1DOnce * bbName6] 1 UNKNOWN#UNKNOWN# Loop: 40 $$
[.01 @ FFT1DOnce * bbName6 -- .03 @ FFT1DOnce * bbName6] 1 UNKNOWN#UNKNOWN# Loop: 40 $$
[.01 @ FFT1DOnce * bbName6 -- .01 @ FFT1DOnce * bbName6] 1 UNKNOWN#UNKNOWN# Loop: 40 $$
[.01 @ FFT1DOnce * bbName6 -- .02 @ FFT1DOnce * bbName6] 1 UNKNOWN#UNKNOWN# Loop: 40 $$
[.02 @ FFT1DOnce * bbName6 -- .03 @ FFT1DOnce * bbName6] 1 UNKNOWN#UNKNOWN# Loop: 40 $$
[.02 @ FFT1DOnce * bbName6 -- .01 @ FFT1DOnce * bbName6] 1 UNKNOWN#UNKNOWN# Loop: 40 $$
[.02 @ FFT1DOnce * bbName6 -- .02 @ FFT1DOnce * bbName6] 1 UNKNOWN#UNKNOWN# Loop: 40 $$
[.03 @ FFT1DOnce * bbName6 -- BitReverse @ Reverse * bbName3] 0 UNKNOWN#UNKNOWN# Loop: 22 $$
[.03 @ FFT1DOnce * bbName6 -- .0 @ Reverse * bbName3] 0 UNKNOWN#UNKNOWN# Loop: 22 $$
[.01 @ FFT1DOnce * bbName6 -- BitReverse @ Reverse * bbName3] 0 UNKNOWN#UNKNOWN# Loop: 22 $$
[.01 @ FFT1DOnce * bbName6 -- .0 @ Reverse * bbName3] 0 UNKNOWN#UNKNOWN# Loop: 22 $$
[.02 @ FFT1DOnce * bbName6 -- BitReverse @ Reverse * bbName3] 0 UNKNOWN#UNKNOWN# Loop: 22 $$
[.02 @ FFT1DOnce * bbName6 -- .0 @ Reverse * bbName3] 0 UNKNOWN#UNKNOWN# Loop: 22 $$
[.03 @ FFT1DOnce * bbName6 -- .0 @ Reverse * bbName3] 0 UNKNOWN#UNKNOWN# Loop: 22 $$
[.01 @ FFT1DOnce * bbName6 -- .0 @ Reverse * bbName3] 0 UNKNOWN#UNKNOWN# Loop: 22 $$
[.02 @ FFT1DOnce * bbName6 -- .0 @ Reverse * bbName3] 0 UNKNOWN#UNKNOWN# Loop: 22 $$
[.03 @ FFT1DOnce * bbName6 -- BitReverse @ Reverse * bbName3] 0 UNKNOWN#UNKNOWN# Loop: 23 $$
[.03 @ FFT1DOnce * bbName6 -- .0 @ Reverse * bbName3] 0 UNKNOWN#UNKNOWN# Loop: 23 $$
[.01 @ FFT1DOnce * bbName6 -- BitReverse @ Reverse * bbName3] 0 UNKNOWN#UNKNOWN# Loop: 23 $$
[.01 @ FFT1DOnce * bbName6 -- .0 @ Reverse * bbName3] 0 UNKNOWN#UNKNOWN# Loop: 23 $$
[.02 @ FFT1DOnce * bbName6 -- BitReverse @ Reverse * bbName3] 0 UNKNOWN#UNKNOWN# Loop: 23 $$
[.02 @ FFT1DOnce * bbName6 -- .0 @ Reverse * bbName3] 0 UNKNOWN#UNKNOWN# Loop: 23 $$
[.03 @ FFT1DOnce * bbName6 -- .0 @ Reverse * bbName3] 0 UNKNOWN#UNKNOWN# Loop: 23 $$
[.01 @ FFT1DOnce * bbName6 -- .0 @ Reverse * bbName3] 0 UNKNOWN#UNKNOWN# Loop: 23 $$
[.02 @ FFT1DOnce * bbName6 -- .0 @ Reverse * bbName3] 0 UNKNOWN#UNKNOWN# Loop: 23 $$
[.03 @ FFT1DOnce * bbName6 -- .03 @ FFT1DOnce * bbName6] 1 UNKNOWN#UNKNOWN# Loop: 40 $$
[.03 @ FFT1DOnce * bbName6 -- .01 @ FFT1DOnce * bbName6] 1 UNKNOWN#UNKNOWN# Loop: 40 $$
[.03 @ FFT1DOnce * bbName6 -- .02 @ FFT1DOnce * bbName6] 1 UNKNOWN#UNKNOWN# Loop: 40 $$
[.01 @ FFT1DOnce * bbName6 -- .03 @ FFT1DOnce * bbName6] 1 UNKNOWN#UNKNOWN# Loop: 40 $$
[.01 @ FFT1DOnce * bbName6 -- .01 @ FFT1DOnce * bbName6] 1 UNKNOWN#UNKNOWN# Loop: 40 $$
[.01 @ FFT1DOnce * bbName6 -- .02 @ FFT1DOnce * bbName6] 1 UNKNOWN#UNKNOWN# Loop: 40 $$
[.02 @ FFT1DOnce * bbName6 -- .03 @ FFT1DOnce * bbName6] 1 UNKNOWN#UNKNOWN# Loop: 40 $$
[.02 @ FFT1DOnce * bbName6 -- .01 @ FFT1DOnce * bbName6] 1 UNKNOWN#UNKNOWN# Loop: 40 $$
[.02 @ FFT1DOnce * bbName6 -- .02 @ FFT1DOnce * bbName6] 1 UNKNOWN#UNKNOWN# Loop: 40 $$
[.03 @ FFT1DOnce * bbName6 -- .03 @ FFT1DOnce * bbName6] 1 UNKNOWN#UNKNOWN# Loop: 40 $$
[.03 @ FFT1DOnce * bbName6 -- .01 @ FFT1DOnce * bbName6] 1 UNKNOWN#UNKNOWN# Loop: 40 $$
[.03 @ FFT1DOnce * bbName6 -- .02 @ FFT1DOnce * bbName6] 1 UNKNOWN#UNKNOWN# Loop: 40 $$
[.01 @ FFT1DOnce * bbName6 -- .03 @ FFT1DOnce * bbName6] 1 UNKNOWN#UNKNOWN# Loop: 40 $$
[.01 @ FFT1DOnce * bbName6 -- .01 @ FFT1DOnce * bbName6] 1 UNKNOWN#UNKNOWN# Loop: 40 $$
[.01 @ FFT1DOnce * bbName6 -- .02 @ FFT1DOnce * bbName6] 1 UNKNOWN#UNKNOWN# Loop: 40 $$
[.02 @ FFT1DOnce * bbName6 -- .03 @ FFT1DOnce * bbName6] 1 UNKNOWN#UNKNOWN# Loop: 40 $$
[.02 @ FFT1DOnce * bbName6 -- .01 @ FFT1DOnce * bbName6] 1 UNKNOWN#UNKNOWN# Loop: 40 $$
[.02 @ FFT1DOnce * bbName6 -- .02 @ FFT1DOnce * bbName6] 1 UNKNOWN#UNKNOWN# Loop: 40 $$
[.03 @ FFT1DOnce * bbName6 -- BitReverse @ Reverse * bbName3] 0 UNKNOWN#UNKNOWN# Loop: 22 $$
[.03 @ FFT1DOnce * bbName6 -- .0 @ Reverse * bbName3] 0 UNKNOWN#UNKNOWN# Loop: 22 $$
[.01 @ FFT1DOnce * bbName6 -- BitReverse @ Reverse * bbName3] 0 UNKNOWN#UNKNOWN# Loop: 22 $$
[.01 @ FFT1DOnce * bbName6 -- .0 @ Reverse * bbName3] 0 UNKNOWN#UNKNOWN# Loop: 22 $$
[.02 @ FFT1DOnce * bbName6 -- BitReverse @ Reverse * bbName3] 0 UNKNOWN#UNKNOWN# Loop: 22 $$
[.02 @ FFT1DOnce * bbName6 -- .0 @ Reverse * bbName3] 0 UNKNOWN#UNKNOWN# Loop: 22 $$
[.03 @ FFT1DOnce * bbName6 -- .0 @ Reverse * bbName3] 0 UNKNOWN#UNKNOWN# Loop: 22 $$
[.01 @ FFT1DOnce * bbName6 -- .0 @ Reverse * bbName3] 0 UNKNOWN#UNKNOWN# Loop: 22 $$
[.02 @ FFT1DOnce * bbName6 -- .0 @ Reverse * bbName3] 0 UNKNOWN#UNKNOWN# Loop: 22 $$
[.03 @ FFT1DOnce * bbName6 -- BitReverse @ Reverse * bbName3] 0 UNKNOWN#UNKNOWN# Loop: 23 $$
[.03 @ FFT1DOnce * bbName6 -- .0 @ Reverse * bbName3] 0 UNKNOWN#UNKNOWN# Loop: 23 $$
[.01 @ FFT1DOnce * bbName6 -- BitReverse @ Reverse * bbName3] 0 UNKNOWN#UNKNOWN# Loop: 23 $$
[.01 @ FFT1DOnce * bbName6 -- .0 @ Reverse * bbName3] 0 UNKNOWN#UNKNOWN# Loop: 23 $$
[.02 @ FFT1DOnce * bbName6 -- BitReverse @ Reverse * bbName3] 0 UNKNOWN#UNKNOWN# Loop: 23 $$
[.02 @ FFT1DOnce * bbName6 -- .0 @ Reverse * bbName3] 0 UNKNOWN#UNKNOWN# Loop: 23 $$
[.03 @ FFT1DOnce * bbName6 -- .0 @ Reverse * bbName3] 0 UNKNOWN#UNKNOWN# Loop: 23 $$
[.01 @ FFT1DOnce * bbName6 -- .0 @ Reverse * bbName3] 0 UNKNOWN#UNKNOWN# Loop: 23 $$
[.02 @ FFT1DOnce * bbName6 -- .0 @ Reverse * bbName3] 0 UNKNOWN#UNKNOWN# Loop: 23 $$
