#File produced by LAMP Load Profiling pass
#This file contains information on loop-caried and intra-iteration dependences where recursion worked to find variable names in the LAMP Reader
#[var1 @ function * bbname -- var2 @ function * bbname] line1#line2# Loop: LoopID
#var1 depends on var2
[BlockOwner @ main * bbName23 -- BlockOwner @ main * bbName23] 1 UNKNOWN#UNKNOWN# Loop: 7 $$
[BlockOwner @ main * bbName23 -- .06 @ main * bbName23] 1 UNKNOWN#UNKNOWN# Loop: 7 $$
[BlockOwner @ main * bbName23 -- .13 @ main * bbName23] 1 UNKNOWN#UNKNOWN# Loop: 7 $$
[BlockOwner @ main * bbName23 -- proc_bytes @ main * bbName23] 1 UNKNOWN#UNKNOWN# Loop: 7 $$
[.06 @ main * bbName23 -- BlockOwner @ main * bbName23] 1 UNKNOWN#UNKNOWN# Loop: 7 $$
[.06 @ main * bbName23 -- .06 @ main * bbName23] 1 UNKNOWN#UNKNOWN# Loop: 7 $$
[.06 @ main * bbName23 -- .13 @ main * bbName23] 1 UNKNOWN#UNKNOWN# Loop: 7 $$
[.06 @ main * bbName23 -- proc_bytes @ main * bbName23] 1 UNKNOWN#UNKNOWN# Loop: 7 $$
[.13 @ main * bbName23 -- BlockOwner @ main * bbName23] 1 UNKNOWN#UNKNOWN# Loop: 7 $$
[.13 @ main * bbName23 -- .06 @ main * bbName23] 1 UNKNOWN#UNKNOWN# Loop: 7 $$
[.13 @ main * bbName23 -- .13 @ main * bbName23] 1 UNKNOWN#UNKNOWN# Loop: 7 $$
[.13 @ main * bbName23 -- proc_bytes @ main * bbName23] 1 UNKNOWN#UNKNOWN# Loop: 7 $$
[proc_bytes @ main * bbName23 -- BlockOwner @ main * bbName23] 1 UNKNOWN#UNKNOWN# Loop: 7 $$
[proc_bytes @ main * bbName23 -- .06 @ main * bbName23] 1 UNKNOWN#UNKNOWN# Loop: 7 $$
[proc_bytes @ main * bbName23 -- .13 @ main * bbName23] 1 UNKNOWN#UNKNOWN# Loop: 7 $$
[proc_bytes @ main * bbName23 -- proc_bytes @ main * bbName23] 1 UNKNOWN#UNKNOWN# Loop: 7 $$
[BlockOwner @ main * bbName23 -- BlockOwner @ main * bbName23] 1 UNKNOWN#UNKNOWN# Loop: 8 $$
[BlockOwner @ main * bbName23 -- .06 @ main * bbName23] 1 UNKNOWN#UNKNOWN# Loop: 8 $$
[BlockOwner @ main * bbName23 -- .13 @ main * bbName23] 1 UNKNOWN#UNKNOWN# Loop: 8 $$
[BlockOwner @ main * bbName23 -- proc_bytes @ main * bbName23] 1 UNKNOWN#UNKNOWN# Loop: 8 $$
[.06 @ main * bbName23 -- BlockOwner @ main * bbName23] 1 UNKNOWN#UNKNOWN# Loop: 8 $$
[.06 @ main * bbName23 -- .06 @ main * bbName23] 1 UNKNOWN#UNKNOWN# Loop: 8 $$
[.06 @ main * bbName23 -- .13 @ main * bbName23] 1 UNKNOWN#UNKNOWN# Loop: 8 $$
[.06 @ main * bbName23 -- proc_bytes @ main * bbName23] 1 UNKNOWN#UNKNOWN# Loop: 8 $$
[.13 @ main * bbName23 -- BlockOwner @ main * bbName23] 1 UNKNOWN#UNKNOWN# Loop: 8 $$
[.13 @ main * bbName23 -- .06 @ main * bbName23] 1 UNKNOWN#UNKNOWN# Loop: 8 $$
[.13 @ main * bbName23 -- .13 @ main * bbName23] 1 UNKNOWN#UNKNOWN# Loop: 8 $$
[.13 @ main * bbName23 -- proc_bytes @ main * bbName23] 1 UNKNOWN#UNKNOWN# Loop: 8 $$
[proc_bytes @ main * bbName23 -- BlockOwner @ main * bbName23] 1 UNKNOWN#UNKNOWN# Loop: 8 $$
[proc_bytes @ main * bbName23 -- .06 @ main * bbName23] 1 UNKNOWN#UNKNOWN# Loop: 8 $$
[proc_bytes @ main * bbName23 -- .13 @ main * bbName23] 1 UNKNOWN#UNKNOWN# Loop: 8 $$
[proc_bytes @ main * bbName23 -- proc_bytes @ main * bbName23] 1 UNKNOWN#UNKNOWN# Loop: 8 $$
[.24 @ main * bbName25 -- .24 @ main * bbName25] 0 UNKNOWN#UNKNOWN# Loop: 6 $$
[.24 @ main * bbName25 -- last_malloc @ main * bbName25] 0 UNKNOWN#UNKNOWN# Loop: 6 $$
[last_malloc @ main * bbName25 -- .24 @ main * bbName25] 0 UNKNOWN#UNKNOWN# Loop: 6 $$
[last_malloc @ main * bbName25 -- last_malloc @ main * bbName25] 0 UNKNOWN#UNKNOWN# Loop: 6 $$
[BlockOwner @ main * bbName30 -- BlockOwner @ main * bbName34] 1 UNKNOWN#UNKNOWN# Loop: 4 $$
[BlockOwner @ main * bbName30 -- .17 @ main * bbName34] 1 UNKNOWN#UNKNOWN# Loop: 4 $$
[BlockOwner @ main * bbName30 -- .35 @ main * bbName34] 1 UNKNOWN#UNKNOWN# Loop: 4 $$
[BlockOwner @ main * bbName30 -- last_malloc @ main * bbName34] 1 UNKNOWN#UNKNOWN# Loop: 4 $$
[.17 @ main * bbName30 -- BlockOwner @ main * bbName34] 1 UNKNOWN#UNKNOWN# Loop: 4 $$
[.17 @ main * bbName30 -- .17 @ main * bbName34] 1 UNKNOWN#UNKNOWN# Loop: 4 $$
[.17 @ main * bbName30 -- .35 @ main * bbName34] 1 UNKNOWN#UNKNOWN# Loop: 4 $$
[.17 @ main * bbName30 -- last_malloc @ main * bbName34] 1 UNKNOWN#UNKNOWN# Loop: 4 $$
[.35 @ main * bbName30 -- BlockOwner @ main * bbName34] 1 UNKNOWN#UNKNOWN# Loop: 4 $$
[.35 @ main * bbName30 -- .17 @ main * bbName34] 1 UNKNOWN#UNKNOWN# Loop: 4 $$
[.35 @ main * bbName30 -- .35 @ main * bbName34] 1 UNKNOWN#UNKNOWN# Loop: 4 $$
[.35 @ main * bbName30 -- last_malloc @ main * bbName34] 1 UNKNOWN#UNKNOWN# Loop: 4 $$
[last_malloc @ main * bbName30 -- BlockOwner @ main * bbName34] 1 UNKNOWN#UNKNOWN# Loop: 4 $$
[last_malloc @ main * bbName30 -- .17 @ main * bbName34] 1 UNKNOWN#UNKNOWN# Loop: 4 $$
[last_malloc @ main * bbName30 -- .35 @ main * bbName34] 1 UNKNOWN#UNKNOWN# Loop: 4 $$
[last_malloc @ main * bbName30 -- last_malloc @ main * bbName34] 1 UNKNOWN#UNKNOWN# Loop: 4 $$
[BlockOwner @ main * bbName30 -- BlockOwner @ main * bbName34] 1 UNKNOWN#UNKNOWN# Loop: 5 $$
[BlockOwner @ main * bbName30 -- .17 @ main * bbName34] 1 UNKNOWN#UNKNOWN# Loop: 5 $$
[BlockOwner @ main * bbName30 -- .35 @ main * bbName34] 1 UNKNOWN#UNKNOWN# Loop: 5 $$
[BlockOwner @ main * bbName30 -- last_malloc @ main * bbName34] 1 UNKNOWN#UNKNOWN# Loop: 5 $$
[.17 @ main * bbName30 -- BlockOwner @ main * bbName34] 1 UNKNOWN#UNKNOWN# Loop: 5 $$
[.17 @ main * bbName30 -- .17 @ main * bbName34] 1 UNKNOWN#UNKNOWN# Loop: 5 $$
[.17 @ main * bbName30 -- .35 @ main * bbName34] 1 UNKNOWN#UNKNOWN# Loop: 5 $$
[.17 @ main * bbName30 -- last_malloc @ main * bbName34] 1 UNKNOWN#UNKNOWN# Loop: 5 $$
[.35 @ main * bbName30 -- BlockOwner @ main * bbName34] 1 UNKNOWN#UNKNOWN# Loop: 5 $$
[.35 @ main * bbName30 -- .17 @ main * bbName34] 1 UNKNOWN#UNKNOWN# Loop: 5 $$
[.35 @ main * bbName30 -- .35 @ main * bbName34] 1 UNKNOWN#UNKNOWN# Loop: 5 $$
[.35 @ main * bbName30 -- last_malloc @ main * bbName34] 1 UNKNOWN#UNKNOWN# Loop: 5 $$
[last_malloc @ main * bbName30 -- BlockOwner @ main * bbName34] 1 UNKNOWN#UNKNOWN# Loop: 5 $$
[last_malloc @ main * bbName30 -- .17 @ main * bbName34] 1 UNKNOWN#UNKNOWN# Loop: 5 $$
[last_malloc @ main * bbName30 -- .35 @ main * bbName34] 1 UNKNOWN#UNKNOWN# Loop: 5 $$
[last_malloc @ main * bbName30 -- last_malloc @ main * bbName34] 1 UNKNOWN#UNKNOWN# Loop: 5 $$
[BlockOwner @ main * bbName34 -- BlockOwner @ main * bbName34] 1 UNKNOWN#UNKNOWN# Loop: 4 $$
[BlockOwner @ main * bbName34 -- .17 @ main * bbName34] 1 UNKNOWN#UNKNOWN# Loop: 4 $$
[BlockOwner @ main * bbName34 -- .35 @ main * bbName34] 1 UNKNOWN#UNKNOWN# Loop: 4 $$
[BlockOwner @ main * bbName34 -- last_malloc @ main * bbName34] 1 UNKNOWN#UNKNOWN# Loop: 4 $$
[.17 @ main * bbName34 -- BlockOwner @ main * bbName34] 1 UNKNOWN#UNKNOWN# Loop: 4 $$
[.17 @ main * bbName34 -- .17 @ main * bbName34] 1 UNKNOWN#UNKNOWN# Loop: 4 $$
[.17 @ main * bbName34 -- .35 @ main * bbName34] 1 UNKNOWN#UNKNOWN# Loop: 4 $$
[.17 @ main * bbName34 -- last_malloc @ main * bbName34] 1 UNKNOWN#UNKNOWN# Loop: 4 $$
[.35 @ main * bbName34 -- BlockOwner @ main * bbName34] 1 UNKNOWN#UNKNOWN# Loop: 4 $$
[.35 @ main * bbName34 -- .17 @ main * bbName34] 1 UNKNOWN#UNKNOWN# Loop: 4 $$
[.35 @ main * bbName34 -- .35 @ main * bbName34] 1 UNKNOWN#UNKNOWN# Loop: 4 $$
[.35 @ main * bbName34 -- last_malloc @ main * bbName34] 1 UNKNOWN#UNKNOWN# Loop: 4 $$
[last_malloc @ main * bbName34 -- BlockOwner @ main * bbName34] 1 UNKNOWN#UNKNOWN# Loop: 4 $$
[last_malloc @ main * bbName34 -- .17 @ main * bbName34] 1 UNKNOWN#UNKNOWN# Loop: 4 $$
[last_malloc @ main * bbName34 -- .35 @ main * bbName34] 1 UNKNOWN#UNKNOWN# Loop: 4 $$
[last_malloc @ main * bbName34 -- last_malloc @ main * bbName34] 1 UNKNOWN#UNKNOWN# Loop: 4 $$
[BlockOwner @ main * bbName34 -- BlockOwner @ main * bbName34] 1 UNKNOWN#UNKNOWN# Loop: 5 $$
[BlockOwner @ main * bbName34 -- .17 @ main * bbName34] 1 UNKNOWN#UNKNOWN# Loop: 5 $$
[BlockOwner @ main * bbName34 -- .35 @ main * bbName34] 1 UNKNOWN#UNKNOWN# Loop: 5 $$
[BlockOwner @ main * bbName34 -- last_malloc @ main * bbName34] 1 UNKNOWN#UNKNOWN# Loop: 5 $$
[.17 @ main * bbName34 -- BlockOwner @ main * bbName34] 1 UNKNOWN#UNKNOWN# Loop: 5 $$
[.17 @ main * bbName34 -- .17 @ main * bbName34] 1 UNKNOWN#UNKNOWN# Loop: 5 $$
[.17 @ main * bbName34 -- .35 @ main * bbName34] 1 UNKNOWN#UNKNOWN# Loop: 5 $$
[.17 @ main * bbName34 -- last_malloc @ main * bbName34] 1 UNKNOWN#UNKNOWN# Loop: 5 $$
[.35 @ main * bbName34 -- BlockOwner @ main * bbName34] 1 UNKNOWN#UNKNOWN# Loop: 5 $$
[.35 @ main * bbName34 -- .17 @ main * bbName34] 1 UNKNOWN#UNKNOWN# Loop: 5 $$
[.35 @ main * bbName34 -- .35 @ main * bbName34] 1 UNKNOWN#UNKNOWN# Loop: 5 $$
[.35 @ main * bbName34 -- last_malloc @ main * bbName34] 1 UNKNOWN#UNKNOWN# Loop: 5 $$
[last_malloc @ main * bbName34 -- BlockOwner @ main * bbName34] 1 UNKNOWN#UNKNOWN# Loop: 5 $$
[last_malloc @ main * bbName34 -- .17 @ main * bbName34] 1 UNKNOWN#UNKNOWN# Loop: 5 $$
[last_malloc @ main * bbName34 -- .35 @ main * bbName34] 1 UNKNOWN#UNKNOWN# Loop: 5 $$
[last_malloc @ main * bbName34 -- last_malloc @ main * bbName34] 1 UNKNOWN#UNKNOWN# Loop: 5 $$
[.0 @ InitA * bbName3 -- .0 @ InitA * bbName2] 0 UNKNOWN#UNKNOWN# Loop: 15 $$
[.0 @ InitA * bbName3 -- .05 @ InitA * bbName2] 0 UNKNOWN#UNKNOWN# Loop: 15 $$
[.0 @ InitA * bbName3 -- .03 @ InitA * bbName2] 0 UNKNOWN#UNKNOWN# Loop: 15 $$
[.0 @ InitA * bbName3 -- .07 @ InitA * bbName2] 0 UNKNOWN#UNKNOWN# Loop: 15 $$
[.0 @ InitA * bbName3 -- .01 @ InitA * bbName2] 0 UNKNOWN#UNKNOWN# Loop: 15 $$
[.0 @ InitA * bbName3 -- nblocks @ InitA * bbName2] 0 UNKNOWN#UNKNOWN# Loop: 15 $$
[.0 @ InitA * bbName3 -- .03 @ InitA * bbName2] 0 UNKNOWN#UNKNOWN# Loop: 15 $$
[.0 @ InitA * bbName3 -- block_size @ InitA * bbName2] 0 UNKNOWN#UNKNOWN# Loop: 15 $$
[.0 @ InitA * bbName3 -- .01 @ InitA * bbName2] 0 UNKNOWN#UNKNOWN# Loop: 15 $$
[.0 @ InitA * bbName3 -- a @ InitA * bbName2] 0 UNKNOWN#UNKNOWN# Loop: 15 $$
[.05 @ InitA * bbName3 -- .0 @ InitA * bbName2] 0 UNKNOWN#UNKNOWN# Loop: 15 $$
[.05 @ InitA * bbName3 -- .05 @ InitA * bbName2] 0 UNKNOWN#UNKNOWN# Loop: 15 $$
[.05 @ InitA * bbName3 -- .03 @ InitA * bbName2] 0 UNKNOWN#UNKNOWN# Loop: 15 $$
[.05 @ InitA * bbName3 -- .07 @ InitA * bbName2] 0 UNKNOWN#UNKNOWN# Loop: 15 $$
[.05 @ InitA * bbName3 -- .01 @ InitA * bbName2] 0 UNKNOWN#UNKNOWN# Loop: 15 $$
[.05 @ InitA * bbName3 -- nblocks @ InitA * bbName2] 0 UNKNOWN#UNKNOWN# Loop: 15 $$
[.05 @ InitA * bbName3 -- .03 @ InitA * bbName2] 0 UNKNOWN#UNKNOWN# Loop: 15 $$
[.05 @ InitA * bbName3 -- block_size @ InitA * bbName2] 0 UNKNOWN#UNKNOWN# Loop: 15 $$
[.05 @ InitA * bbName3 -- .01 @ InitA * bbName2] 0 UNKNOWN#UNKNOWN# Loop: 15 $$
[.05 @ InitA * bbName3 -- a @ InitA * bbName2] 0 UNKNOWN#UNKNOWN# Loop: 15 $$
[.03 @ InitA * bbName3 -- .0 @ InitA * bbName2] 0 UNKNOWN#UNKNOWN# Loop: 15 $$
[.03 @ InitA * bbName3 -- .05 @ InitA * bbName2] 0 UNKNOWN#UNKNOWN# Loop: 15 $$
[.03 @ InitA * bbName3 -- .03 @ InitA * bbName2] 0 UNKNOWN#UNKNOWN# Loop: 15 $$
[.03 @ InitA * bbName3 -- .07 @ InitA * bbName2] 0 UNKNOWN#UNKNOWN# Loop: 15 $$
[.03 @ InitA * bbName3 -- .01 @ InitA * bbName2] 0 UNKNOWN#UNKNOWN# Loop: 15 $$
[.03 @ InitA * bbName3 -- nblocks @ InitA * bbName2] 0 UNKNOWN#UNKNOWN# Loop: 15 $$
[.03 @ InitA * bbName3 -- .03 @ InitA * bbName2] 0 UNKNOWN#UNKNOWN# Loop: 15 $$
[.03 @ InitA * bbName3 -- block_size @ InitA * bbName2] 0 UNKNOWN#UNKNOWN# Loop: 15 $$
[.03 @ InitA * bbName3 -- .01 @ InitA * bbName2] 0 UNKNOWN#UNKNOWN# Loop: 15 $$
[.03 @ InitA * bbName3 -- a @ InitA * bbName2] 0 UNKNOWN#UNKNOWN# Loop: 15 $$
[.07 @ InitA * bbName3 -- .0 @ InitA * bbName2] 0 UNKNOWN#UNKNOWN# Loop: 15 $$
[.07 @ InitA * bbName3 -- .05 @ InitA * bbName2] 0 UNKNOWN#UNKNOWN# Loop: 15 $$
[.07 @ InitA * bbName3 -- .03 @ InitA * bbName2] 0 UNKNOWN#UNKNOWN# Loop: 15 $$
[.07 @ InitA * bbName3 -- .07 @ InitA * bbName2] 0 UNKNOWN#UNKNOWN# Loop: 15 $$
[.07 @ InitA * bbName3 -- .01 @ InitA * bbName2] 0 UNKNOWN#UNKNOWN# Loop: 15 $$
[.07 @ InitA * bbName3 -- nblocks @ InitA * bbName2] 0 UNKNOWN#UNKNOWN# Loop: 15 $$
[.07 @ InitA * bbName3 -- .03 @ InitA * bbName2] 0 UNKNOWN#UNKNOWN# Loop: 15 $$
[.07 @ InitA * bbName3 -- block_size @ InitA * bbName2] 0 UNKNOWN#UNKNOWN# Loop: 15 $$
[.07 @ InitA * bbName3 -- .01 @ InitA * bbName2] 0 UNKNOWN#UNKNOWN# Loop: 15 $$
[.07 @ InitA * bbName3 -- a @ InitA * bbName2] 0 UNKNOWN#UNKNOWN# Loop: 15 $$
[.01 @ InitA * bbName3 -- .0 @ InitA * bbName2] 0 UNKNOWN#UNKNOWN# Loop: 15 $$
[.01 @ InitA * bbName3 -- .05 @ InitA * bbName2] 0 UNKNOWN#UNKNOWN# Loop: 15 $$
[.01 @ InitA * bbName3 -- .03 @ InitA * bbName2] 0 UNKNOWN#UNKNOWN# Loop: 15 $$
[.01 @ InitA * bbName3 -- .07 @ InitA * bbName2] 0 UNKNOWN#UNKNOWN# Loop: 15 $$
[.01 @ InitA * bbName3 -- .01 @ InitA * bbName2] 0 UNKNOWN#UNKNOWN# Loop: 15 $$
[.01 @ InitA * bbName3 -- nblocks @ InitA * bbName2] 0 UNKNOWN#UNKNOWN# Loop: 15 $$
[.01 @ InitA * bbName3 -- .03 @ InitA * bbName2] 0 UNKNOWN#UNKNOWN# Loop: 15 $$
[.01 @ InitA * bbName3 -- block_size @ InitA * bbName2] 0 UNKNOWN#UNKNOWN# Loop: 15 $$
[.01 @ InitA * bbName3 -- .01 @ InitA * bbName2] 0 UNKNOWN#UNKNOWN# Loop: 15 $$
[.01 @ InitA * bbName3 -- a @ InitA * bbName2] 0 UNKNOWN#UNKNOWN# Loop: 15 $$
[nblocks @ InitA * bbName3 -- .0 @ InitA * bbName2] 0 UNKNOWN#UNKNOWN# Loop: 15 $$
[nblocks @ InitA * bbName3 -- .05 @ InitA * bbName2] 0 UNKNOWN#UNKNOWN# Loop: 15 $$
[nblocks @ InitA * bbName3 -- .03 @ InitA * bbName2] 0 UNKNOWN#UNKNOWN# Loop: 15 $$
[nblocks @ InitA * bbName3 -- .07 @ InitA * bbName2] 0 UNKNOWN#UNKNOWN# Loop: 15 $$
[nblocks @ InitA * bbName3 -- .01 @ InitA * bbName2] 0 UNKNOWN#UNKNOWN# Loop: 15 $$
[nblocks @ InitA * bbName3 -- nblocks @ InitA * bbName2] 0 UNKNOWN#UNKNOWN# Loop: 15 $$
[nblocks @ InitA * bbName3 -- .03 @ InitA * bbName2] 0 UNKNOWN#UNKNOWN# Loop: 15 $$
[nblocks @ InitA * bbName3 -- block_size @ InitA * bbName2] 0 UNKNOWN#UNKNOWN# Loop: 15 $$
[nblocks @ InitA * bbName3 -- .01 @ InitA * bbName2] 0 UNKNOWN#UNKNOWN# Loop: 15 $$
[nblocks @ InitA * bbName3 -- a @ InitA * bbName2] 0 UNKNOWN#UNKNOWN# Loop: 15 $$
[.03 @ InitA * bbName3 -- .0 @ InitA * bbName2] 0 UNKNOWN#UNKNOWN# Loop: 15 $$
[.03 @ InitA * bbName3 -- .05 @ InitA * bbName2] 0 UNKNOWN#UNKNOWN# Loop: 15 $$
[.03 @ InitA * bbName3 -- .03 @ InitA * bbName2] 0 UNKNOWN#UNKNOWN# Loop: 15 $$
[.03 @ InitA * bbName3 -- .07 @ InitA * bbName2] 0 UNKNOWN#UNKNOWN# Loop: 15 $$
[.03 @ InitA * bbName3 -- .01 @ InitA * bbName2] 0 UNKNOWN#UNKNOWN# Loop: 15 $$
[.03 @ InitA * bbName3 -- nblocks @ InitA * bbName2] 0 UNKNOWN#UNKNOWN# Loop: 15 $$
[.03 @ InitA * bbName3 -- .03 @ InitA * bbName2] 0 UNKNOWN#UNKNOWN# Loop: 15 $$
[.03 @ InitA * bbName3 -- block_size @ InitA * bbName2] 0 UNKNOWN#UNKNOWN# Loop: 15 $$
[.03 @ InitA * bbName3 -- .01 @ InitA * bbName2] 0 UNKNOWN#UNKNOWN# Loop: 15 $$
[.03 @ InitA * bbName3 -- a @ InitA * bbName2] 0 UNKNOWN#UNKNOWN# Loop: 15 $$
[block_size @ InitA * bbName3 -- .0 @ InitA * bbName2] 0 UNKNOWN#UNKNOWN# Loop: 15 $$
[block_size @ InitA * bbName3 -- .05 @ InitA * bbName2] 0 UNKNOWN#UNKNOWN# Loop: 15 $$
[block_size @ InitA * bbName3 -- .03 @ InitA * bbName2] 0 UNKNOWN#UNKNOWN# Loop: 15 $$
[block_size @ InitA * bbName3 -- .07 @ InitA * bbName2] 0 UNKNOWN#UNKNOWN# Loop: 15 $$
[block_size @ InitA * bbName3 -- .01 @ InitA * bbName2] 0 UNKNOWN#UNKNOWN# Loop: 15 $$
[block_size @ InitA * bbName3 -- nblocks @ InitA * bbName2] 0 UNKNOWN#UNKNOWN# Loop: 15 $$
[block_size @ InitA * bbName3 -- .03 @ InitA * bbName2] 0 UNKNOWN#UNKNOWN# Loop: 15 $$
[block_size @ InitA * bbName3 -- block_size @ InitA * bbName2] 0 UNKNOWN#UNKNOWN# Loop: 15 $$
[block_size @ InitA * bbName3 -- .01 @ InitA * bbName2] 0 UNKNOWN#UNKNOWN# Loop: 15 $$
[block_size @ InitA * bbName3 -- a @ InitA * bbName2] 0 UNKNOWN#UNKNOWN# Loop: 15 $$
[.01 @ InitA * bbName3 -- .0 @ InitA * bbName2] 0 UNKNOWN#UNKNOWN# Loop: 15 $$
[.01 @ InitA * bbName3 -- .05 @ InitA * bbName2] 0 UNKNOWN#UNKNOWN# Loop: 15 $$
[.01 @ InitA * bbName3 -- .03 @ InitA * bbName2] 0 UNKNOWN#UNKNOWN# Loop: 15 $$
[.01 @ InitA * bbName3 -- .07 @ InitA * bbName2] 0 UNKNOWN#UNKNOWN# Loop: 15 $$
[.01 @ InitA * bbName3 -- .01 @ InitA * bbName2] 0 UNKNOWN#UNKNOWN# Loop: 15 $$
[.01 @ InitA * bbName3 -- nblocks @ InitA * bbName2] 0 UNKNOWN#UNKNOWN# Loop: 15 $$
[.01 @ InitA * bbName3 -- .03 @ InitA * bbName2] 0 UNKNOWN#UNKNOWN# Loop: 15 $$
[.01 @ InitA * bbName3 -- block_size @ InitA * bbName2] 0 UNKNOWN#UNKNOWN# Loop: 15 $$
[.01 @ InitA * bbName3 -- .01 @ InitA * bbName2] 0 UNKNOWN#UNKNOWN# Loop: 15 $$
[.01 @ InitA * bbName3 -- a @ InitA * bbName2] 0 UNKNOWN#UNKNOWN# Loop: 15 $$
[a @ InitA * bbName3 -- .0 @ InitA * bbName2] 0 UNKNOWN#UNKNOWN# Loop: 15 $$
[a @ InitA