#File produced by LAMP Load Profiling pass
#This file contains information on intra-iteration dependences
#[var1 @ function * bbname -- var2 @ function * bbname] line1#line2# LAMPdata Loop: LoopID LAMPdata
#var1 depends on var2
 Tl:1 Pl:1
 Tl:1 Pl:1
 Tl:1 Pl:1
 Tl:1 Pl:1
 Tl:1 Pl:1
 Tl:1 Pl:1
 Tl:1 Pl:1
 Tl:1 Pl:1
 Tl:1 Pl:1
 Tl:1 Pl:1
 Tl:1 Pl:1
 Tl:1 Pl:1
 Tl:1 Pl:1
 Tl:1 Pl:1
 Tl:1 Pl:1
 Tl:1 Pl:1
 Tl:1 Pl:1
 Tl:1 Pl:1
 Tl:1 Pl:1
 Tl:1 Pl:1
 Tl:1 Pl:1
 Tl:1 Pl:1
 Tl:1 Pl:1
 Tl:1 Pl:1
 Tl:1 Pl:1
 Tl:1 Pl:1
 Tl:1 Pl:1
 Tl:1 Pl:1
 Tl:1 Pl:1
 Tl:1 Pl:1
 Tl:1 Pl:1
 Tl:1 Pl:1
[##ORIG @ InitA * bbName3 -- ##ORIG @ InitA * bbName2]	UNKNOWN#UNKNOWN#	0xd47bd0 0xd47780 ID:188 185 Loop:11 (0xd31e60) T:128 P:0.00775194  1 Tl:128 Pl:0.00775194
 Tl:1 Pl:1
 Tl:1 Pl:1
 Tl:1 Pl:1
 Tl:1 Pl:1
 Tl:1 Pl:1
 Tl:1 Pl:1
 Tl:1 Pl:1
 Tl:1 Pl:1
 Tl:1 Pl:1
 Tl:1 Pl:1
 Tl:1 Pl:1
 Tl:1 Pl:1
 Tl:1 Pl:1
 Tl:1 Pl:1
 Tl:1 Pl:1
 Tl:1 Pl:1
 Tl:1 Pl:1
 Tl:1 Pl:1
 Tl:1 Pl:1
 Tl:1 Pl:1
 Tl:1 Pl:1
 Tl:1 Pl:1
 Tl:1 Pl:1
 Tl:1 Pl:1
 Tl:1 Pl:1
 Tl:1 Pl:1
 Tl:1 Pl:1
 Tl:1 Pl:1
 Tl:1 Pl:1
 Tl:1 Pl:1
 Tl:1 Pl:1
 Tl:1 Pl:1
 Tl:1 Pl:1
 Tl:1 Pl:1
 Tl:1 Pl:1
 Tl:1 Pl:1
 Tl:1 Pl:1
 Tl:1 Pl:1
 Tl:1 Pl:1
 Tl:1 Pl:1
 Tl:1 Pl:1
 Tl:1 Pl:1
 Tl:1 Pl:1
 Tl:1 Pl:1
 Tl:1 Pl:1
 Tl:1 Pl:1
 Tl:1 Pl:1
[##ORIG @ lu * bbName23 -- ##ORIG @ lu * bbName9]	UNKNOWN#UNKNOWN#	0xdb7340 0xdb45b0 ID:328 315 Loop:29 (0xd974a0) T:8 P:0.888889  3 Tl:8 Pl:0.888889
 Tl:1 Pl:1
 Tl:1 Pl:1
 Tl:1 Pl:1
 Tl:1 Pl:1
 Tl:1 Pl:1
 Tl:1 Pl:1
 Tl:1 Pl:1
 Tl:1 Pl:1
 Tl:1 Pl:1
 Tl:1 Pl:1
[##ORIG @ bdiv * bbName4 -- ##ORIG @ lu0 * bbName3]	UNKNOWN#UNKNOWN#	0xdc7710 0xdc25b0 ID:355 353 Loop:29 (0xd974a0) T:3360 P:373.333  4 Tl:7 Pl:0.777778
 Tl:1 Pl:1
[##ORIG @ bmodd * bbName2 -- ##ORIG @ daxpy * bbName2]	UNKNOWN#UNKNOWN#	0xdccac0 0xdd5a60 ID:358 367 Loop:29 (0xd974a0) T:6720 P:746.667  4 Tl:7 Pl:0.777778
 Tl:1 Pl:1
[##ORIG @ bmod * bbName3 -- ##ORIG @ bmodd * bbName2]	UNKNOWN#UNKNOWN#	0xdd26b0 0xdcce10 ID:363 360 Loop:29 (0xd974a0) T:35840 P:3982.22  5 Tl:7 Pl:0.777778
 Tl:1 Pl:1
[##ORIG @ daxpy * bbName2 -- ##ORIG @ daxpy * bbName2]	UNKNOWN#UNKNOWN#	0xdd57a0 0xdd5a60 ID:365 367 Loop:29 (0xd974a0) T:584640 P:64960  5 Tl:7 Pl:0.777778
 Tl:1 Pl:1
 Tl:1 Pl:1
