#File produced by LAMP Load Profiling pass
#This file contains information on loop-caried and intra-iteration dependences where recursion worked to find variable names in the LAMP Reader
#[var1 @ function * bbname -- var2 @ function * bbname] line1#line2# Loop: LoopID
#var1 depends on var2
[BlockOwner @ main * bbName23 -- BlockOwner @ main * bbName23] 1 UNKNOWN#UNKNOWN# Loop: 9 $$
[BlockOwner @ main * bbName23 -- .07 @ main * bbName23] 1 UNKNOWN#UNKNOWN# Loop: 9 $$
[BlockOwner @ main * bbName23 -- .14 @ main * bbName23] 1 UNKNOWN#UNKNOWN# Loop: 9 $$
[BlockOwner @ main * bbName23 -- proc_bytes @ main * bbName23] 1 UNKNOWN#UNKNOWN# Loop: 9 $$
[.07 @ main * bbName23 -- BlockOwner @ main * bbName23] 1 UNKNOWN#UNKNOWN# Loop: 9 $$
[.07 @ main * bbName23 -- .07 @ main * bbName23] 1 UNKNOWN#UNKNOWN# Loop: 9 $$
[.07 @ main * bbName23 -- .14 @ main * bbName23] 1 UNKNOWN#UNKNOWN# Loop: 9 $$
[.07 @ main * bbName23 -- proc_bytes @ main * bbName23] 1 UNKNOWN#UNKNOWN# Loop: 9 $$
[.14 @ main * bbName23 -- BlockOwner @ main * bbName23] 1 UNKNOWN#UNKNOWN# Loop: 9 $$
[.14 @ main * bbName23 -- .07 @ main * bbName23] 1 UNKNOWN#UNKNOWN# Loop: 9 $$
[.14 @ main * bbName23 -- .14 @ main * bbName23] 1 UNKNOWN#UNKNOWN# Loop: 9 $$
[.14 @ main * bbName23 -- proc_bytes @ main * bbName23] 1 UNKNOWN#UNKNOWN# Loop: 9 $$
[proc_bytes @ main * bbName23 -- BlockOwner @ main * bbName23] 1 UNKNOWN#UNKNOWN# Loop: 9 $$
[proc_bytes @ main * bbName23 -- .07 @ main * bbName23] 1 UNKNOWN#UNKNOWN# Loop: 9 $$
[proc_bytes @ main * bbName23 -- .14 @ main * bbName23] 1 UNKNOWN#UNKNOWN# Loop: 9 $$
[proc_bytes @ main * bbName23 -- proc_bytes @ main * bbName23] 1 UNKNOWN#UNKNOWN# Loop: 9 $$
[BlockOwner @ main * bbName23 -- BlockOwner @ main * bbName23] 1 UNKNOWN#UNKNOWN# Loop: 10 $$
[BlockOwner @ main * bbName23 -- .07 @ main * bbName23] 1 UNKNOWN#UNKNOWN# Loop: 10 $$
[BlockOwner @ main * bbName23 -- .14 @ main * bbName23] 1 UNKNOWN#UNKNOWN# Loop: 10 $$
[BlockOwner @ main * bbName23 -- proc_bytes @ main * bbName23] 1 UNKNOWN#UNKNOWN# Loop: 10 $$
[.07 @ main * bbName23 -- BlockOwner @ main * bbName23] 1 UNKNOWN#UNKNOWN# Loop: 10 $$
[.07 @ main * bbName23 -- .07 @ main * bbName23] 1 UNKNOWN#UNKNOWN# Loop: 10 $$
[.07 @ main * bbName23 -- .14 @ main * bbName23] 1 UNKNOWN#UNKNOWN# Loop: 10 $$
[.07 @ main * bbName23 -- proc_bytes @ main * bbName23] 1 UNKNOWN#UNKNOWN# Loop: 10 $$
[.14 @ main * bbName23 -- BlockOwner @ main * bbName23] 1 UNKNOWN#UNKNOWN# Loop: 10 $$
[.14 @ main * bbName23 -- .07 @ main * bbName23] 1 UNKNOWN#UNKNOWN# Loop: 10 $$
[.14 @ main * bbName23 -- .14 @ main * bbName23] 1 UNKNOWN#UNKNOWN# Loop: 10 $$
[.14 @ main * bbName23 -- proc_bytes @ main * bbName23] 1 UNKNOWN#UNKNOWN# Loop: 10 $$
[proc_bytes @ main * bbName23 -- BlockOwner @ main * bbName23] 1 UNKNOWN#UNKNOWN# Loop: 10 $$
[proc_bytes @ main * bbName23 -- .07 @ main * bbName23] 1 UNKNOWN#UNKNOWN# Loop: 10 $$
[proc_bytes @ main * bbName23 -- .14 @ main * bbName23] 1 UNKNOWN#UNKNOWN# Loop: 10 $$
[proc_bytes @ main * bbName23 -- proc_bytes @ main * bbName23] 1 UNKNOWN#UNKNOWN# Loop: 10 $$
[.25 @ main * bbName25 -- .25 @ main * bbName25] 0 UNKNOWN#UNKNOWN# Loop: 8 $$
[.25 @ main * bbName25 -- last_malloc @ main * bbName25] 0 UNKNOWN#UNKNOWN# Loop: 8 $$
[last_malloc @ main * bbName25 -- .25 @ main * bbName25] 0 UNKNOWN#UNKNOWN# Loop: 8 $$
[last_malloc @ main * bbName25 -- last_malloc @ main * bbName25] 0 UNKNOWN#UNKNOWN# Loop: 8 $$
[BlockOwner @ main * bbName30 -- BlockOwner @ main * bbName34] 1 UNKNOWN#UNKNOWN# Loop: 6 $$
[BlockOwner @ main * bbName30 -- .18 @ main * bbName34] 1 UNKNOWN#UNKNOWN# Loop: 6 $$
[BlockOwner @ main * bbName30 -- .36 @ main * bbName34] 1 UNKNOWN#UNKNOWN# Loop: 6 $$
[BlockOwner @ main * bbName30 -- last_malloc @ main * bbName34] 1 UNKNOWN#UNKNOWN# Loop: 6 $$
[.18 @ main * bbName30 -- BlockOwner @ main * bbName34] 1 UNKNOWN#UNKNOWN# Loop: 6 $$
[.18 @ main * bbName30 -- .18 @ main * bbName34] 1 UNKNOWN#UNKNOWN# Loop: 6 $$
[.18 @ main * bbName30 -- .36 @ main * bbName34] 1 UNKNOWN#UNKNOWN# Loop: 6 $$
[.18 @ main * bbName30 -- last_malloc @ main * bbName34] 1 UNKNOWN#UNKNOWN# Loop: 6 $$
[.36 @ main * bbName30 -- BlockOwner @ main * bbName34] 1 UNKNOWN#UNKNOWN# Loop: 6 $$
[.36 @ main * bbName30 -- .18 @ main * bbName34] 1 UNKNOWN#UNKNOWN# Loop: 6 $$
[.36 @ main * bbName30 -- .36 @ main * bbName34] 1 UNKNOWN#UNKNOWN# Loop: 6 $$
[.36 @ main * bbName30 -- last_malloc @ main * bbName34] 1 UNKNOWN#UNKNOWN# Loop: 6 $$
[last_malloc @ main * bbName30 -- BlockOwner @ main * bbName34] 1 UNKNOWN#UNKNOWN# Loop: 6 $$
[last_malloc @ main * bbName30 -- .18 @ main * bbName34] 1 UNKNOWN#UNKNOWN# Loop: 6 $$
[last_malloc @ main * bbName30 -- .36 @ main * bbName34] 1 UNKNOWN#UNKNOWN# Loop: 6 $$
[last_malloc @ main * bbName30 -- last_malloc @ main * bbName34] 1 UNKNOWN#UNKNOWN# Loop: 6 $$
[BlockOwner @ main * bbName30 -- BlockOwner @ main * bbName34] 1 UNKNOWN#UNKNOWN# Loop: 7 $$
[BlockOwner @ main * bbName30 -- .18 @ main * bbName34] 1 UNKNOWN#UNKNOWN# Loop: 7 $$
[BlockOwner @ main * bbName30 -- .36 @ main * bbName34] 1 UNKNOWN#UNKNOWN# Loop: 7 $$
[BlockOwner @ main * bbName30 -- last_malloc @ main * bbName34] 1 UNKNOWN#UNKNOWN# Loop: 7 $$
[.18 @ main * bbName30 -- BlockOwner @ main * bbName34] 1 UNKNOWN#UNKNOWN# Loop: 7 $$
[.18 @ main * bbName30 -- .18 @ main * bbName34] 1 UNKNOWN#UNKNOWN# Loop: 7 $$
[.18 @ main * bbName30 -- .36 @ main * bbName34] 1 UNKNOWN#UNKNOWN# Loop: 7 $$
[.18 @ main * bbName30 -- last_malloc @ main * bbName34] 1 UNKNOWN#UNKNOWN# Loop: 7 $$
[.36 @ main * bbName30 -- BlockOwner @ main * bbName34] 1 UNKNOWN#UNKNOWN# Loop: 7 $$
[.36 @ main * bbName30 -- .18 @ main * bbName34] 1 UNKNOWN#UNKNOWN# Loop: 7 $$
[.36 @ main * bbName30 -- .36 @ main * bbName34] 1 UNKNOWN#UNKNOWN# Loop: 7 $$
[.36 @ main * bbName30 -- last_malloc @ main * bbName34] 1 UNKNOWN#UNKNOWN# Loop: 7 $$
[last_malloc @ main * bbName30 -- BlockOwner @ main * bbName34] 1 UNKNOWN#UNKNOWN# Loop: 7 $$
[last_malloc @ main * bbName30 -- .18 @ main * bbName34] 1 UNKNOWN#UNKNOWN# Loop: 7 $$
[last_malloc @ main * bbName30 -- .36 @ main * bbName34] 1 UNKNOWN#UNKNOWN# Loop: 7 $$
[last_malloc @ main * bbName30 -- last_malloc @ main * bbName34] 1 UNKNOWN#UNKNOWN# Loop: 7 $$
[BlockOwner @ main * bbName34 -- BlockOwner @ main * bbName34] 1 UNKNOWN#UNKNOWN# Loop: 6 $$
[BlockOwner @ main * bbName34 -- .18 @ main * bbName34] 1 UNKNOWN#UNKNOWN# Loop: 6 $$
[BlockOwner @ main * bbName34 -- .36 @ main * bbName34] 1 UNKNOWN#UNKNOWN# Loop: 6 $$
[BlockOwner @ main * bbName34 -- last_malloc @ main * bbName34] 1 UNKNOWN#UNKNOWN# Loop: 6 $$
[.18 @ main * bbName34 -- BlockOwner @ main * bbName34] 1 UNKNOWN#UNKNOWN# Loop: 6 $$
[.18 @ main * bbName34 -- .18 @ main * bbName34] 1 UNKNOWN#UNKNOWN# Loop: 6 $$
[.18 @ main * bbName34 -- .36 @ main * bbName34] 1 UNKNOWN#UNKNOWN# Loop: 6 $$
[.18 @ main * bbName34 -- last_malloc @ main * bbName34] 1 UNKNOWN#UNKNOWN# Loop: 6 $$
[.36 @ main * bbName34 -- BlockOwner @ main * bbName34] 1 UNKNOWN#UNKNOWN# Loop: 6 $$
[.36 @ main * bbName34 -- .18 @ main * bbName34] 1 UNKNOWN#UNKNOWN# Loop: 6 $$
[.36 @ main * bbName34 -- .36 @ main * bbName34] 1 UNKNOWN#UNKNOWN# Loop: 6 $$
[.36 @ main * bbName34 -- last_malloc @ main * bbName34] 1 UNKNOWN#UNKNOWN# Loop: 6 $$
[last_malloc @ main * bbName34 -- BlockOwner @ main * bbName34] 1 UNKNOWN#UNKNOWN# Loop: 6 $$
[last_malloc @ main * bbName34 -- .18 @ main * bbName34] 1 UNKNOWN#UNKNOWN# Loop: 6 $$
[last_malloc @ main * bbName34 -- .36 @ main * bbName34] 1 UNKNOWN#UNKNOWN# Loop: 6 $$
[last_malloc @ main * bbName34 -- last_malloc @ main * bbName34] 1 UNKNOWN#UNKNOWN# Loop: 6 $$
[BlockOwner @ main * bbName34 -- BlockOwner @ main * bbName34] 1 UNKNOWN#UNKNOWN# Loop: 7 $$
[BlockOwner @ main * bbName34 -- .18 @ main * bbName34] 1 UNKNOWN#UNKNOWN# Loop: 7 $$
[BlockOwner @ main * bbName34 -- .36 @ main * bbName34] 1 UNKNOWN#UNKNOWN# Loop: 7 $$
[BlockOwner @ main * bbName34 -- last_malloc @ main * bbName34] 1 UNKNOWN#UNKNOWN# Loop: 7 $$
[.18 @ main * bbName34 -- BlockOwner @ main * bbName34] 1 UNKNOWN#UNKNOWN# Loop: 7 $$
[.18 @ main * bbName34 -- .18 @ main * bbName34] 1 UNKNOWN#UNKNOWN# Loop: 7 $$
[.18 @ main * bbName34 -- .36 @ main * bbName34] 1 UNKNOWN#UNKNOWN# Loop: 7 $$
[.18 @ main * bbName34 -- last_malloc @ main * bbName34] 1 UNKNOWN#UNKNOWN# Loop: 7 $$
[.36 @ main * bbName34 -- BlockOwner @ main * bbName34] 1 UNKNOWN#UNKNOWN# Loop: 7 $$
[.36 @ main * bbName34 -- .18 @ main * bbName34] 1 UNKNOWN#UNKNOWN# Loop: 7 $$
[.36 @ main * bbName34 -- .36 @ main * bbName34] 1 UNKNOWN#UNKNOWN# Loop: 7 $$
[.36 @ main * bbName34 -- last_malloc @ main * bbName34] 1 UNKNOWN#UNKNOWN# Loop: 7 $$
[last_malloc @ main * bbName34 -- BlockOwner @ main * bbName34] 1 UNKNOWN#UNKNOWN# Loop: 7 $$
[last_malloc @ main * bbName34 -- .18 @ main * bbName34] 1 UNKNOWN#UNKNOWN# Loop: 7 $$
[last_malloc @ main * bbName34 -- .36 @ main * bbName34] 1 UNKNOWN#UNKNOWN# Loop: 7 $$
[last_malloc @ main * bbName34 -- last_malloc @ main * bbName34] 1 UNKNOWN#UNKNOWN# Loop: 7 $$
[.0 @ InitA * bbName3 -- .0 @ InitA * bbName2] 0 UNKNOWN#UNKNOWN# Loop: 17 $$
[.0 @ InitA * bbName3 -- .05 @ InitA * bbName2] 0 UNKNOWN#UNKNOWN# Loop: 17 $$
[.0 @ InitA * bbName3 -- .03 @ InitA * bbName2] 0 UNKNOWN#UNKNOWN# Loop: 17 $$
[.0 @ InitA * bbName3 -- .07 @ InitA * bbName2] 0 UNKNOWN#UNKNOWN# Loop: 17 $$
[.0 @ InitA * bbName3 -- .01 @ InitA * bbName2] 0 UNKNOWN#UNKNOWN# Loop: 17 $$
[.0 @ InitA * bbName3 -- nblocks @ InitA * bbName2] 0 UNKNOWN#UNKNOWN# Loop: 17 $$
[.0 @ InitA * bbName3 -- .03 @ InitA * bbName2] 0 UNKNOWN#UNKNOWN# Loop: 17 $$
[.0 @ InitA * bbName3 -- block_size @ InitA * bbName2] 0 UNKNOWN#UNKNOWN# Loop: 17 $$
[.0 @ InitA * bbName3 -- .01 @ InitA * bbName2] 0 UNKNOWN#UNKNOWN# Loop: 17 $$
[.0 @ InitA * bbName3 -- a @ InitA * bbName2] 0 UNKNOWN#UNKNOWN# Loop: 17 $$
[.05 @ InitA * bbName3 -- .0 @ InitA * bbName2] 0 UNKNOWN#UNKNOWN# Loop: 17 $$
[.05 @ InitA * bbName3 -- .05 @ InitA * bbName2] 0 UNKNOWN#UNKNOWN# Loop: 17 $$
[.05 @ InitA * bbName3 -- .03 @ InitA * bbName2] 0 UNKNOWN#UNKNOWN# Loop: 17 $$
[.05 @ InitA * bbName3 -- .07 @ InitA * bbName2] 0 UNKNOWN#UNKNOWN# Loop: 17 $$
[.05 @ InitA * bbName3 -- .01 @ InitA * bbName2] 0 UNKNOWN#UNKNOWN# Loop: 17 $$
[.05 @ InitA * bbName3 -- nblocks @ InitA * bbName2] 0 UNKNOWN#UNKNOWN# Loop: 17 $$
[.05 @ InitA * bbName3 -- .03 @ InitA * bbName2] 0 UNKNOWN#UNKNOWN# Loop: 17 $$
[.05 @ InitA * bbName3 -- block_size @ InitA * bbName2] 0 UNKNOWN#UNKNOWN# Loop: 17 $$
[.05 @ InitA * bbName3 -- .01 @ InitA * bbName2] 0 UNKNOWN#UNKNOWN# Loop: 17 $$
[.05 @ InitA * bbName3 -- a @ InitA * bbName2] 0 UNKNOWN#UNKNOWN# Loop: 17 $$
[.03 @ InitA * bbName3 -- .0 @ InitA * bbName2] 0 UNKNOWN#UNKNOWN# Loop: 17 $$
[.03 @ InitA * bbName3 -- .05 @ InitA * bbName2] 0 UNKNOWN#UNKNOWN# Loop: 17 $$
[.03 @ InitA * bbName3 -- .03 @ InitA * bbName2] 0 UNKNOWN#UNKNOWN# Loop: 17 $$
[.03 @ InitA * bbName3 -- .07 @ InitA * bbName2] 0 UNKNOWN#UNKNOWN# Loop: 17 $$
[.03 @ InitA * bbName3 -- .01 @ InitA * bbName2] 0 UNKNOWN#UNKNOWN# Loop: 17 $$
[.03 @ InitA * bbName3 -- nblocks @ InitA * bbName2] 0 UNKNOWN#UNKNOWN# Loop: 17 $$
[.03 @ InitA * bbName3 -- .03 @ InitA * bbName2] 0 UNKNOWN#UNKNOWN# Loop: 17 $$
[.03 @ InitA * bbName3 -- block_size @ InitA * bbName2] 0 UNKNOWN#UNKNOWN# Loop: 17 $$
[.03 @ InitA * bbName3 -- .01 @ InitA * bbName2] 0 UNKNOWN#UNKNOWN# Loop: 17 $$
[.03 @ InitA * bbName3 -- a @ InitA * bbName2] 0 UNKNOWN#UNKNOWN# Loop: 17 $$
[.07 @ InitA * bbName3 -- .0 @ InitA * bbName2] 0 UNKNOWN#UNKNOWN# Loop: 17 $$
[.07 @ InitA * bbName3 -- .05 @ InitA * bbName2] 0 UNKNOWN#UNKNOWN# Loop: 17 $$
[.07 @ InitA * bbName3 -- .03 @ InitA * bbName2] 0 UNKNOWN#UNKNOWN# Loop: 17 $$
[.07 @ InitA * bbName3 -- .07 @ InitA * bbName2] 0 UNKNOWN#UNKNOWN# Loop: 17 $$
[.07 @ InitA * bbName3 -- .01 @ InitA * bbName2] 0 UNKNOWN#UNKNOWN# Loop: 17 $$
[.07 @ InitA * bbName3 -- nblocks @ InitA * bbName2] 0 UNKNOWN#UNKNOWN# Loop: 17 $$
[.07 @ InitA * bbName3 -- .03 @ InitA * bbName2] 0 UNKNOWN#UNKNOWN# Loop: 17 $$
[.07 @ InitA * bbName3 -- block_size @ InitA * bbName2] 0 UNKNOWN#UNKNOWN# Loop: 17 $$
[.07 @ InitA * bbName3 -- .01 @ InitA * bbName2] 0 UNKNOWN#UNKNOWN# Loop: 17 $$
[.07 @ InitA * bbName3 -- a @ InitA * bbName2] 0 UNKNOWN#UNKNOWN# Loop: 17 $$
[.01 @ InitA * bbName3 -- .0 @ InitA * bbName2] 0 UNKNOWN#UNKNOWN# Loop: 17 $$
[.01 @ InitA * bbName3 -- .05 @ InitA * bbName2] 0 UNKNOWN#UNKNOWN# Loop: 17 $$
[.01 @ InitA * bbName3 -- .03 @ InitA * bbName2] 0 UNKNOWN#UNKNOWN# Loop: 17 $$
[.01 @ InitA * bbName3 -- .07 @ InitA * bbName2] 0 UNKNOWN#UNKNOWN# Loop: 17 $$
[.01 @ InitA * bbName3 -- .01 @ InitA * bbName2] 0 UNKNOWN#UNKNOWN# Loop: 17 $$
[.01 @ InitA * bbName3 -- nblocks @ InitA * bbName2] 0 UNKNOWN#UNKNOWN# Loop: 17 $$
[.01 @ InitA * bbName3 -- .03 @ InitA * bbName2] 0 UNKNOWN#UNKNOWN# Loop: 17 $$
[.01 @ InitA * bbName3 -- block_size @ InitA * bbName2] 0 UNKNOWN#UNKNOWN# Loop: 17 $$
[.01 @ InitA * bbName3 -- .01 @ InitA * bbName2] 0 UNKNOWN#UNKNOWN# Loop: 17 $$
[.01 @ InitA * bbName3 -- a @ InitA * bbName2] 0 UNKNOWN#UNKNOWN# Loop: 17 $$
[nblocks @ InitA * bbName3 -- .0 @ InitA * bbName2] 0 UNKNOWN#UNKNOWN# Loop: 17 $$
[nblocks @ InitA * bbName3 -- .05 @ InitA * bbName2] 0 UNKNOWN#UNKNOWN# Loop: 17 $$
[nblocks @ InitA * bbName3 -- .03 @ InitA * bbName2] 0 UNKNOWN#UNKNOWN# Loop: 17 $$
[nblocks @ InitA * bbName3 -- .07 @ InitA * bbName2] 0 UNKNOWN#UNKNOWN# Loop: 17 $$
[nblocks @ InitA * bbName3 -- .01 @ InitA * bbName2] 0 UNKNOWN#UNKNOWN# Loop: 17 $$
[nblocks @ InitA * bbName3 -- nblocks @ InitA * bbName2] 0 UNKNOWN#UNKNOWN# Loop: 17 $$
[nblocks @ InitA * bbName3 -- .03 @ InitA * bbName2] 0 UNKNOWN#UNKNOWN# Loop: 17 $$
[nblocks @ InitA * bbName3 -- block_size @ InitA * bbName2] 0 UNKNOWN#UNKNOWN# Loop: 17 $$
[nblocks @ InitA * bbName3 -- .01 @ InitA * bbName2] 0 UNKNOWN#UNKNOWN# Loop: 17 $$
[nblocks @ InitA * bbName3 -- a @ InitA * bbName2] 0 UNKNOWN#UNKNOWN# Loop: 17 $$
[.03 @ InitA * bbName3 -- .0 @ InitA * bbName2] 0 UNKNOWN#UNKNOWN# Loop: 17 $$
[.03 @ InitA * bbName3 -- .05 @ InitA * bbName2] 0 UNKNOWN#UNKNOWN# Loop: 17 $$
[.03 @ InitA * bbName3 -- .03 @ InitA * bbName2] 0 UNKNOWN#UNKNOWN# Loop: 17 $$
[.03 @ InitA * bbName3 -- .07 @ InitA * bbName2] 0 UNKNOWN#UNKNOWN# Loop: 17 $$
[.03 @ InitA * bbName3 -- .01 @ InitA * bbName2] 0 UNKNOWN#UNKNOWN# Loop: 17 $$
[.03 @ InitA * bbName3 -- nblocks @ InitA * bbName2] 0 UNKNOWN#UNKNOWN# Loop: 17 $$
[.03 @ InitA * bbName3 -- .03 @ InitA * bbName2] 0 UNKNOWN#UNKNOWN# Loop: 17 $$
[.03 @ InitA * bbName3 -- block_size @ InitA * bbName2] 0 UNKNOWN#UNKNOWN# Loop: 17 $$
[.03 @ InitA * bbName3 -- .01 @ InitA * bbName2] 0 UNKNOWN#UNKNOWN# Loop: 17 $$
[.03 @ InitA * bbName3 -- a @ InitA * bbName2] 0 UNKNOWN#UNKNOWN# Loop: 17 $$
[block_size @ InitA * bbName3 -- .0 @ InitA * bbName2] 0 UNKNOWN#UNKNOWN# Loop: 17 $$
[block_size @ InitA * bbName3 -- .05 @ InitA * bbName2] 0 UNKNOWN#UNKNOWN# Loop: 17 $$
[block_size @ InitA * bbName3 -- .03 @ InitA * bbName2] 0 UNKNOWN#UNKNOWN# Loop: 17 $$
[block_size @ InitA * bbName3 -- .07 @ InitA * bbName2] 0 UNKNOWN#UNKNOWN# Loop: 17 $$
[block_size @ InitA * bbName3 -- .01 @ InitA * bbName2] 0 UNKNOWN#UNKNOWN# Loop: 17 $$
[block_size @ InitA * bbName3 -- nblocks @ InitA * bbName2] 0 UNKNOWN#UNKNOWN# Loop: 17 $$
[block_size @ InitA * bbName3 -- .03 @ InitA * bbName2] 0 UNKNOWN#UNKNOWN# Loop: 17 $$
[block_size @ InitA * bbName3 -- block_size @ InitA * bbName2] 0 UNKNOWN#UNKNOWN# Loop: 17 $$
[block_size @ InitA * bbName3 -- .01 @ InitA * bbName2] 0 UNKNOWN#UNKNOWN# Loop: 17 $$
[block_size @ InitA * bbName3 -- a @ InitA * bbName2] 0 UNKNOWN#UNKNOWN# Loop: 17 $$
[.01 @ InitA * bbName3 -- .0 @ InitA * bbName2] 0 UNKNOWN#UNKNOWN# Loop: 17 $$
[.01 @ InitA * bbName3 -- .05 @ InitA * bbName2] 0 UNKNOWN#UNKNOWN# Loop: 17 $$
[.01 @ InitA * bbName3 -- .03 @ InitA * bbName2] 0 UNKNOWN#UNKNOWN# Loop: 17 $$
[.01 @ InitA * bbName3 -- .07 @ InitA * bbName2] 0 UNKNOWN#UNKNOWN# Loop: 17 $$
[.01 @ InitA * bbName3 -- .01 @ InitA * bbName2] 0 UNKNOWN#UNKNOWN# Loop: 17 $$
[.01 @ InitA * bbName3 -- nblocks @ InitA * bbName2] 0 UNKNOWN#UNKNOWN# Loop: 17 $$
[.01 @ InitA * bbName3 -- .03 @ InitA * bbName2] 0 UNKNOWN#UNKNOWN# Loop: 17 $$
[.01 @ InitA * bbName3 -- block_size @ InitA * bbName2] 0 UNKNOWN#UNKNOWN# Loop: 17 $$
[.01 @ InitA * bbName3 -- .01 @ InitA * bbName2] 0 UNKNOWN#UNKNOWN# Loop: 17 $$
[.01 @ InitA * bbName3 -- a @ InitA * bbName2] 0 UNKNOWN#UNKNOWN# Loop: 17 $$
[a @ InitA * bbName3 -- .0 @ InitA * bbName2] 0 UNKNOWN#UNKNOWN# Loop: 17 $$
