#File produced by LAMP Load Profiling pass
#This file contains information on intra-iteration dependences
#[var1 @ function * bbname -- var2 @ function * bbname] line1#line2# LAMPdata Loop: LoopID LAMPdata
#var1 depends on var2
 Tl:1 Pl:1
 Tl:1 Pl:1
 Tl:1 Pl:1
 Tl:1 Pl:1
 Tl:1 Pl:1
 Tl:1 Pl:1
 Tl:1 Pl:1
 Tl:1 Pl:1
 Tl:1 Pl:1
 Tl:1 Pl:1
 Tl:1 Pl:1
[##ORIG @ main * bbName25 -- ##ORIG @ main * bbName25]	UNKNOWN#UNKNOWN#	0x1b01870 0x1b016f0 ID:78 76 Loop:8 (0x1aef190) T:1 P:0.5  3 Tl:1 Pl:0.5
 Tl:1 Pl:1
 Tl:1 Pl:1
 Tl:1 Pl:1
 Tl:1 Pl:1
 Tl:1 Pl:1
 Tl:1 Pl:1
 Tl:1 Pl:1
 Tl:1 Pl:1
 Tl:1 Pl:1
 Tl:1 Pl:1
 Tl:1 Pl:1
 Tl:1 Pl:1
 Tl:1 Pl:1
 Tl:1 Pl:1
 Tl:1 Pl:1
 Tl:1 Pl:1
 Tl:1 Pl:1
 Tl:1 Pl:1
 Tl:1 Pl:1
 Tl:1 Pl:1
 Tl:1 Pl:1
 Tl:1 Pl:1
 Tl:1 Pl:1
 Tl:1 Pl:1
 Tl:1 Pl:1
 Tl:1 Pl:1
 Tl:1 Pl:1
 Tl:1 Pl:1
 Tl:1 Pl:1
 Tl:1 Pl:1
 Tl:1 Pl:1
 Tl:1 Pl:1
 Tl:1 Pl:1
 Tl:1 Pl:1
 Tl:1 Pl:1
 Tl:1 Pl:1
 Tl:1 Pl:1
 Tl:1 Pl:1
 Tl:1 Pl:1
 Tl:1 Pl:1
 Tl:1 Pl:1
 Tl:1 Pl:1
 Tl:1 Pl:1
 Tl:1 Pl:1
 Tl:1 Pl:1
[##ORIG @ InitA * bbName3 -- ##ORIG @ InitA * bbName2]	UNKNOWN#UNKNOWN#	0x1bb9e60 0x1bb9a90 ID:243 240 Loop:17 (0x1b9b4f0) T:512 P:0.00194932  6 Tl:512 Pl:0.00194932
 Tl:1 Pl:1
 Tl:1 Pl:1
 Tl:1 Pl:1
 Tl:1 Pl:1
 Tl:1 Pl:1
 Tl:1 Pl:1
 Tl:1 Pl:1
 Tl:1 Pl:1
 Tl:1 Pl:1
 Tl:1 Pl:1
 Tl:1 Pl:1
 Tl:1 Pl:1
 Tl:1 Pl:1
 Tl:1 Pl:1
 Tl:1 Pl:1
 Tl:1 Pl:1
 Tl:1 Pl:1
 Tl:1 Pl:1
 Tl:1 Pl:1
 Tl:1 Pl:1
 Tl:1 Pl:1
 Tl:1 Pl:1
 Tl:1 Pl:1
 Tl:1 Pl:1
 Tl:1 Pl:1
 Tl:1 Pl:1
 Tl:1 Pl:1
 Tl:1 Pl:1
 Tl:1 Pl:1
 Tl:1 Pl:1
 Tl:1 Pl:1
 Tl:1 Pl:1
 Tl:1 Pl:1
 Tl:1 Pl:1
 Tl:1 Pl:1
 Tl:1 Pl:1
 Tl:1 Pl:1
 Tl:1 Pl:1
 Tl:1 Pl:1
 Tl:1 Pl:1
 Tl:1 Pl:1
 Tl:1 Pl:1
 Tl:1 Pl:1
 Tl:1 Pl:1
 Tl:1 Pl:1
 Tl:1 Pl:1
 Tl:1 Pl:1
 Tl:1 Pl:1
 Tl:1 Pl:1
 Tl:1 Pl:1
 Tl:1 Pl:1
 Tl:1 Pl:1
 Tl:1 Pl:1
 Tl:1 Pl:1
 Tl:1 Pl:1
 Tl:1 Pl:1
 Tl:1 Pl:1
 Tl:1 Pl:1
 Tl:1 Pl:1
 Tl:1 Pl:1
[##ORIG @ lu * bbName23 -- ##ORIG @ lu * bbName9]	UNKNOWN#UNKNOWN#	0x1c37fd0 0x1c34fa0 ID:411 392 Loop:35 (0x1c0e860) T:32 P:0.969697  8 Tl:32 Pl:0.969697
 Tl:1 Pl:1
 Tl:1 Pl:1
 Tl:1 Pl:1
 Tl:1 Pl:1
 Tl:1 Pl:1
 Tl:1 Pl:1
 Tl:1 Pl:1
 Tl:1 Pl:1
 Tl:1 Pl:1
 Tl:1 Pl:1
 Tl:1 Pl:1
 Tl:1 Pl:1
 Tl:1 Pl:1
 Tl:1 Pl:1
[##ORIG @ bdiv * bbName4 -- ##ORIG @ lu0 * bbName3]	UNKNOWN#UNKNOWN#	0x1c48d60 0x1c42850 ID:442 439 Loop:35 (0x1c0e860) T:59520 P:1803.64  9 Tl:31 Pl:0.939394
 Tl:1 Pl:1
[##ORIG @ bmodd * bbName2 -- ##ORIG @ daxpy * bbName2]	UNKNOWN#UNKNOWN#	0x1bb7380 0x1c5c3b0 ID:446 455 Loop:35 (0x1c0e860) T:119040 P:3607.27  9 Tl:31 Pl:0.939394
 Tl:1 Pl:1
[##ORIG @ bmod * bbName3 -- ##ORIG @ bmodd * bbName2]	UNKNOWN#UNKNOWN#	0x1c58f50 0x1bb76d0 ID:451 448 Loop:35 (0x1c0e860) T:2666496 P:80802.9  10 Tl:31 Pl:0.939394
 Tl:1 Pl:1
[##ORIG @ daxpy * bbName2 -- ##ORIG @ daxpy * bbName2]	UNKNOWN#UNKNOWN#	0x1c5c0f0 0x1c5c3b0 ID:453 455 Loop:35 (0x1c0e860) T:40830720 P:1.23729e+06  10 Tl:31 Pl:0.939394
 Tl:1 Pl:1
 Tl:1 Pl:1
