#File produced by LAMP Load Profiling pass
#This file contains information on loop-carried dependences
#[var1 @ function * bbname -- var2 @ function * bbname] line1#line2# LAMPdata Loop: LoopID LAMPdata
#var1 depends on var2
[##ORIG @ main * bbName23 -- ##ORIG @ main * bbName23]	UNKNOWN#UNKNOWN#	0x1b00bf0 0x1b00d10 ID:68 69 Loop:9 (0x1aeef60) T:992 P:0.939394  1 Tl:992 Pl:0.939394
[##ORIG @ main * bbName23 -- ##ORIG @ main * bbName23]	UNKNOWN#UNKNOWN#	0x1b00bf0 0x1b00d10 ID:68 69 Loop:10 (0x1aeee70) T:31 P:0.939394  2 Tl:31 Pl:0.939394
[##ORIG @ main * bbName30 -- ##ORIG @ main * bbName34]	UNKNOWN#UNKNOWN#	0x1b02d40 0x1b03c40 ID:88 97 Loop:6 (0x1aef460) T:992 P:0.939394  4 Tl:992 Pl:0.939394
[##ORIG @ main * bbName30 -- ##ORIG @ main * bbName34]	UNKNOWN#UNKNOWN#	0x1b02d40 0x1b03c40 ID:88 97 Loop:7 (0x1aef3c0) T:31 P:0.939394  5 Tl:31 Pl:0.939394
[##ORIG @ main * bbName34 -- ##ORIG @ main * bbName34]	UNKNOWN#UNKNOWN#	0x1b03b10 0x1b03c40 ID:96 97 Loop:6 (0x1aef460) T:992 P:0.939394  5 Tl:992 Pl:0.939394
[##ORIG @ main * bbName34 -- ##ORIG @ main * bbName34]	UNKNOWN#UNKNOWN#	0x1b03b10 0x1b03c40 ID:96 97 Loop:7 (0x1aef3c0) T:31 P:0.939394  5 Tl:31 Pl:0.939394
[##ORIG @ InitA * bbName7 -- ##ORIG @ InitA * bbName7]	UNKNOWN#UNKNOWN#	0x1bbbcd0 0x1bbbdf0 ID:253 254 Loop:15 (0x1b9b770) T:261632 P:510.004  7 Tl:511 Pl:0.996101
[##ORIG @ lu * bbName8 -- ##ORIG @ lu * bbName24]	UNKNOWN#UNKNOWN#	0x1c34bd0 0x1c383a0 ID:389 414 Loop:35 (0x1c0e860) T:31 P:0.939394  8 Tl:31 Pl:0.939394
[##ORIG @ lu * bbName35 -- ##ORIG @ lu * bbName35]	UNKNOWN#UNKNOWN#	0x1c3a860 0x1c3a980 ID:428 429 Loop:35 (0x1c0e860) T:31 P:0.939394  8 Tl:31 Pl:0.939394
[##ORIG @ lu * bbName35 -- ##ORIG @ lu * bbName35]	UNKNOWN#UNKNOWN#	0x1c3aaf0 0x1c3ac10 ID:430 431 Loop:35 (0x1c0e860) T:31 P:0.939394  8 Tl:31 Pl:0.939394
[##ORIG @ lu * bbName35 -- ##ORIG @ lu * bbName35]	UNKNOWN#UNKNOWN#	0x1c3ad80 0x1c3aea0 ID:432 433 Loop:35 (0x1c0e860) T:31 P:0.939394  8 Tl:31 Pl:0.939394
[##ORIG @ lu * bbName35 -- ##ORIG @ lu * bbName35]	UNKNOWN#UNKNOWN#	0x1c3b130 0x1c3b250 ID:434 435 Loop:35 (0x1c0e860) T:31 P:0.939394  8 Tl:31 Pl:0.939394
[##ORIG @ lu0 * bbName3 -- ##ORIG @ daxpy * bbName2]	UNKNOWN#UNKNOWN#	0x1c42500 0x1c5c3b0 ID:437 455 Loop:35 (0x1c0e860) T:465 P:14.0909  8 Tl:31 Pl:0.939394
[##ORIG @ lu0 * bbName3 -- ##ORIG @ daxpy * bbName2]	UNKNOWN#UNKNOWN#	0x1c42500 0x1c5c3b0 ID:437 455 Loop:37 (0x1c3dab0) T:3360 P:6.17647  9 Tl:448 Pl:0.823529
[##ORIG @ lu0 * bbName3 -- ##ORIG @ daxpy * bbName2]	UNKNOWN#UNKNOWN#	0x1c42730 0x1c5c3b0 ID:438 455 Loop:35 (0x1c0e860) T:465 P:14.0909  9 Tl:31 Pl:0.939394
[##ORIG @ lu0 * bbName3 -- ##ORIG @ daxpy * bbName2]	UNKNOWN#UNKNOWN#	0x1c42730 0x1c5c3b0 ID:438 455 Loop:37 (0x1c3dab0) T:3360 P:6.17647  9 Tl:448 Pl:0.823529
[##ORIG @ bmodd * bbName2 -- ##ORIG @ daxpy * bbName2]	UNKNOWN#UNKNOWN#	0x1bb7380 0x1c5c3b0 ID:446 455 Loop:35 (0x1c0e860) T:7440 P:225.455  9 Tl:30 Pl:0.909091
[##ORIG @ bmodd * bbName2 -- ##ORIG @ daxpy * bbName2]	UNKNOWN#UNKNOWN#	0x1bb75b0 0x1c5c3b0 ID:447 455 Loop:35 (0x1c0e860) T:7440 P:225.455  9 Tl:30 Pl:0.909091
[##ORIG @ bmodd * bbName2 -- ##ORIG @ daxpy * bbName2]	UNKNOWN#UNKNOWN#	0x1bb75b0 0x1c5c3b0 ID:447 455 Loop:41 (0x1c4a7a0) T:119040 P:14.1176  10 Tl:7440 Pl:0.882353
[##ORIG @ daxpy * bbName2 -- ##ORIG @ daxpy * bbName2]	UNKNOWN#UNKNOWN#	0x1c5c0f0 0x1c5c3b0 ID:453 455 Loop:35 (0x1c0e860) T:2650655 P:80322.9  10 Tl:31 Pl:0.939394
[##ORIG @ daxpy * bbName2 -- ##ORIG @ daxpy * bbName2]	UNKNOWN#UNKNOWN#	0x1c5c0f0 0x1c5c3b0 ID:453 455 Loop:37 (0x1c3dab0) T:32480 P:59.7059  10 Tl:448 Pl:0.823529
[##ORIG @ daxpy * bbName2 -- ##ORIG @ daxpy * bbName2]	UNKNOWN#UNKNOWN#	0x1c5c0f0 0x1c5c3b0 ID:453 455 Loop:39 (0x1c43e40) T:833280 P:98.8235  11 Tl:6944 Pl:0.823529
[##ORIG @ daxpy * bbName2 -- ##ORIG @ daxpy * bbName2]	UNKNOWN#UNKNOWN#	0x1c5c290 0x1c5c3b0 ID:454 455 Loop:35 (0x1c0e860) T:2650655 P:80322.9  11 Tl:31 Pl:0.939394
[##ORIG @ daxpy * bbName2 -- ##ORIG @ daxpy * bbName2]	UNKNOWN#UNKNOWN#	0x1c5c290 0x1c5c3b0 ID:454 455 Loop:37 (0x1c3dab0) T:32480 P:59.7059  11 Tl:448 Pl:0.823529
[##ORIG @ daxpy * bbName2 -- ##ORIG @ daxpy * bbName2]	UNKNOWN#UNKNOWN#	0x1c5c290 0x1c5c3b0 ID:454 455 Loop:39 (0x1c43e40) T:833280 P:98.8235  11 Tl:6944 Pl:0.823529
[##ORIG @ daxpy * bbName2 -- ##ORIG @ daxpy * bbName2]	UNKNOWN#UNKNOWN#	0x1c5c290 0x1c5c3b0 ID:454 455 Loop:41 (0x1c4a7a0) T:833280 P:98.8235  11 Tl:6944 Pl:0.823529
[##ORIG @ daxpy * bbName2 -- ##ORIG @ daxpy * bbName2]	UNKNOWN#UNKNOWN#	0x1c5c290 0x1c5c3b0 ID:454 455 Loop:43 (0x1bb8140) T:39997440 P:225.882  12 Tl:156240 Pl:0.882353
