#File generated by LAMPLoopProfiler pass
#LAMP_Loop_ID Line_Number Function_Name BB_Name
1 0 main .preheader.preheader .preheader (no debugLoc2)
2 0 main bbName68 bbName69 (no debugLoc2)
3 0 main bbName65 bbName66 (no debugLoc2)
4 0 main bbName59 bbName60 (no debugLoc2)
5 0 main bbName54 bbName55 (no debugLoc2)
6 0 main .preheader82.preheader .preheader82 (no debugLoc2)
7 0 main .preheader83.preheader .preheader83 (no debugLoc2)
8 0 main .preheader84.preheader .preheader84 (no debugLoc2)
9 0 main .preheader85.preheader .preheader85 (no debugLoc2)
10 0 main .preheader86 bbName18 (no debugLoc2)
11 0 main .preheader87.preheader .preheader87 (no debugLoc2)
12 0 main bbName10 bbName11 (no debugLoc2)
13 0 main bbName bbName1 (no debugLoc2)
14 0 InitA .preheader.preheader .preheader (no debugLoc2)
15 0 InitA .preheader12.preheader .preheader12 (no debugLoc2)
16 0 InitA .preheader13.preheader .preheader13 (no debugLoc2)
17 0 InitA .preheader14.preheader .preheader14 (no debugLoc2)
18 0 InitA bbName bbName1 (no debugLoc2)
19 0 PrintA .preheader.preheader .preheader (no debugLoc2)
20 0 PrintA bbName bbName1 (no debugLoc2)
21 0 CheckResult .preheader.preheader .preheader (no debugLoc2)
22 0 CheckResult .preheader18 bbName9 (no debugLoc2)
23 0 CheckResult .preheader1.preheader .preheader1 (no debugLoc2)
24 0 CheckResult bbName5 bbName6 (no debugLoc2)
25 0 CheckResult .preheader19 bbName4 (no debugLoc2)
26 0 CheckResult .preheader20 bbName2 (no debugLoc2)
27 0 TouchA .preheader bbName9 (no debugLoc2)
28 0 TouchA bbName7 bbName8 (no debugLoc2)
29 0 TouchA .preheader10.preheader .preheader10 (no debugLoc2)
30 0 TouchA bbName bbName1 (no debugLoc2)
31 0 lu bbName13 bbName14 (no debugLoc2)
32 0 lu .preheader.preheader .preheader (no debugLoc2)
33 0 lu bbName29 bbName30 (no debugLoc2)
34 0 lu bbName28 .loopexit (no debugLoc2)
35 0 lu bbName bbName1 (no debugLoc2)
36 0 lu0 bbName1 bbName2 (no debugLoc2)
37 0 lu0 bbName .loopexit (no debugLoc2)
38 0 bdiv bbName2 bbName3 (no debugLoc2)
39 0 bdiv bbName bbName1 (no debugLoc2)
40 0 bmodd .preheader bbName1 (no debugLoc2)
41 0 bmodd bbName .loopexit (no debugLoc2)
42 0 bmod .preheader bbName2 (no debugLoc2)
43 0 bmod bbName bbName1 (no debugLoc2)
44 0 daxpy bbName bbName1 (no debugLoc2)
