#File generated by LAMPLoopProfiler pass
#LAMP_Loop_ID Line_Number Function_Name BB_Name
1 0 main .preheader.preheader .preheader (no debugLoc2)
2 0 main bbName37 bbName38 (no debugLoc2)
3 0 main bbName34 bbName35 (no debugLoc2)
4 0 main bbName10 bbName11 (no debugLoc2)
5 0 main bbName bbName1 (no debugLoc2)
6 0 InitA .preheader.preheader .preheader (no debugLoc2)
7 0 InitA .preheader3.preheader .preheader3 (no debugLoc2)
8 0 InitA .preheader4.preheader .preheader4 (no debugLoc2)
9 0 InitA .preheader5.preheader .preheader5 (no debugLoc2)
10 0 InitA bbName bbName1 (no debugLoc2)
11 0 PrintA .preheader.preheader .preheader (no debugLoc2)
12 0 PrintA bbName bbName1 (no debugLoc2)
13 0 CheckResult .preheader.preheader .preheader (no debugLoc2)
14 0 CheckResult .preheader7 bbName9 (no debugLoc2)
15 0 CheckResult .preheader1.preheader .preheader1 (no debugLoc2)
16 0 CheckResult bbName5 bbName6 (no debugLoc2)
17 0 CheckResult .preheader8 bbName4 (no debugLoc2)
18 0 CheckResult .preheader9 bbName2 (no debugLoc2)
19 0 TouchA bbName5 bbName6 (no debugLoc2)
20 0 TouchA bbName3 bbName4 (no debugLoc2)
21 0 TouchA .preheader bbName1 (no debugLoc2)
22 0 TouchA bbName .loopexit1 (no debugLoc2)
23 0 lu bbName10 bbName11 (no debugLoc2)
24 0 lu .preheader.preheader .preheader (no debugLoc2)
25 0 lu bbName23 bbName24 (no debugLoc2)
26 0 lu bbName22 .loopexit (no debugLoc2)
27 0 lu bbName bbName1 (no debugLoc2)
28 0 lu0 bbName1 bbName2 (no debugLoc2)
29 0 lu0 bbName .loopexit (no debugLoc2)
30 0 bdiv bbName2 bbName3 (no debugLoc2)
31 0 bdiv bbName bbName1 (no debugLoc2)
32 0 bmodd .preheader bbName1 (no debugLoc2)
33 0 bmodd bbName .loopexit (no debugLoc2)
34 0 bmod .preheader bbName2 (no debugLoc2)
35 0 bmod bbName bbName1 (no debugLoc2)
36 0 daxpy bbName bbName1 (no debugLoc2)
